   Compiling zac-caret v0.1.0 (/home/zac/zac-caret/app)
warning: unused import: `building_stage::BuildingStage`
 --> src/game/entities/mod.rs:4:9
  |
4 | pub use building_stage::BuildingStage;
  |         ^^^^^^^^^^^^^^^^^^^^^^^^^^^^^
  |
  = note: `#[warn(unused_imports)]` on by default

warning: unused import: `town_hall::TownHall`
 --> src/game/entities/mod.rs:5:9
  |
5 | pub use town_hall::TownHall;
  |         ^^^^^^^^^^^^^^^^^^^

warning: unused imports: `spawn_initial_town_hall` and `update_building_visuals`
 --> src/game/systems/mod.rs:5:29
  |
5 | pub use building_renderer::{update_building_visuals, spawn_initial_town_hall};
  |                             ^^^^^^^^^^^^^^^^^^^^^^^  ^^^^^^^^^^^^^^^^^^^^^^^

warning: unused import: `resources::GameState`
  --> src/game/mod.rs:10:9
   |
10 | pub use resources::GameState;
   |         ^^^^^^^^^^^^^^^^^^^^

warning: field `building_type` is never read
 --> src/game/components/staged_building.rs:8:9
  |
6 | pub struct StagedBuilding {
  |            -------------- field in this struct
7 |     pub current_stage: BuildingStage,
8 |     pub building_type: BuildingType,
  |         ^^^^^^^^^^^^^
  |
  = note: `StagedBuilding` has a derived impl for the trait `Debug`, but this is intentionally ignored during dead code analysis
  = note: `#[warn(dead_code)]` on by default

warning: methods `upgrade` and `set_stage` are never used
  --> src/game/components/staged_building.rs:25:12
   |
17 | impl StagedBuilding {
   | ------------------- methods in this implementation
...
25 |     pub fn upgrade(&mut self) {
   |            ^^^^^^^
...
30 |     pub fn set_stage(&mut self, stage: u8) {
   |            ^^^^^^^^^

warning: method `as_u8` is never used
  --> src/game/entities/building_stage.rs:36:12
   |
19 | impl BuildingStage {
   | ------------------ method in this implementation
...
36 |     pub fn as_u8(&self) -> u8 {
   |            ^^^^^

warning: associated function `new` is never used
  --> src/game/entities/town_hall.rs:10:12
   |
9  | impl TownHall {
   | ------------- associated function in this implementation
10 |     pub fn new() -> Self {
   |            ^^^

warning: struct `TauriHandle` is never constructed
 --> src/game/resources.rs:5:12
  |
5 | pub struct TauriHandle(pub AppHandle);
  |            ^^^^^^^^^^^

warning: fields `workers_count` and `tasks_count` are never read
  --> src/game/resources.rs:9:9
   |
8  | pub struct GameState {
   |            --------- fields in this struct
9  |     pub workers_count: u32,
   |         ^^^^^^^^^^^^^
10 |     pub tasks_count: u32,
   |         ^^^^^^^^^^^

warning: function `select_entity` is never used
  --> src/ui/ipc.rs:11:8
   |
11 | pub fn select_entity(_entity_id: String) -> Result<(), String> {
   |        ^^^^^^^^^^^^^

warning: function `send_chat_message` is never used
  --> src/ui/ipc.rs:17:8
   |
17 | pub fn send_chat_message(_message: String) -> Result<String, String> {
   |        ^^^^^^^^^^^^^^^^^

warning: function `get_game_stats` is never used
  --> src/ui/ipc.rs:23:8
   |
23 | pub fn get_game_stats() -> Result<GameStats, String> {
   |        ^^^^^^^^^^^^^^

warning: function `toggle_autonomy` is never used
  --> src/ui/ipc.rs:32:8
   |
32 | pub fn toggle_autonomy(_enabled: bool) -> Result<(), String> {
   |        ^^^^^^^^^^^^^^^

warning: `zac-caret` (bin "zac-caret") generated 14 warnings (run `cargo fix --bin "zac-caret"` to apply 4 suggestions)
    Finished `dev` profile [optimized + debuginfo] target(s) in 5.57s
